[0m01:34:01.877853 [debug] [MainThread]: Sending event: {'category': 'dbt', 'action': 'invocation', 'label': 'start', 'context': [<snowplow_tracker.self_describing_json.SelfDescribingJson object at 0x0000020D118BAA50>, <snowplow_tracker.self_describing_json.SelfDescribingJson object at 0x0000020D118BD090>, <snowplow_tracker.self_describing_json.SelfDescribingJson object at 0x0000020D0FE552D0>]}


============================== 01:34:01.881858 | 2617298c-21ad-4556-a7e5-ff9b6281e932 ==============================
[0m01:34:01.881858 [info ] [MainThread]: Running with dbt=1.11.8
[0m01:34:01.881858 [debug] [MainThread]: running dbt with arguments {'static_parser': 'True', 'no_print': 'None', 'version_check': 'True', 'target_path': 'None', 'warn_error_options': 'WarnErrorOptionsV2(error=[], warn=[], silence=[])', 'printer_width': '80', 'write_json': 'True', 'empty': 'None', 'log_cache_events': 'False', 'introspect': 'True', 'cache_selected_only': 'False', 'fail_fast': 'False', 'debug': 'False', 'log_format': 'default', 'profiles_dir': 'C:\\Users\\samir\\.dbt', 'send_anonymous_usage_stats': 'True', 'quiet': 'False', 'warn_error': 'None', 'partial_parse': 'True', 'indirect_selection': 'eager', 'invocation_command': 'dbt debug', 'use_colors': 'True', 'use_experimental_parser': 'False', 'log_path': 'C:\\Users\\samir\\Downloads\\data-technical-tests\\data_technical_tests\\dbt\\logs'}
[0m01:34:01.905490 [info ] [MainThread]: dbt version: 1.11.8
[0m01:34:01.905490 [info ] [MainThread]: python version: 3.11.9
[0m01:34:01.906897 [info ] [MainThread]: python path: C:\Users\samir\AppData\Local\Programs\Python\Python311\python.exe
[0m01:34:01.906897 [info ] [MainThread]: os info: Windows-10-10.0.26200-SP0
[0m01:34:03.256570 [info ] [MainThread]: Using profiles dir at C:\Users\samir\.dbt
[0m01:34:03.257571 [info ] [MainThread]: Using profiles.yml file at C:\Users\samir\.dbt\profiles.yml
[0m01:34:03.258803 [info ] [MainThread]: Using dbt_project.yml file at C:\Users\samir\Downloads\data-technical-tests\data_technical_tests\dbt\dbt_project.yml
[0m01:34:03.258803 [info ] [MainThread]: adapter type: bigquery
[0m01:34:03.260103 [info ] [MainThread]: adapter version: 1.11.1
[0m01:34:03.353967 [info ] [MainThread]: Configuration:
[0m01:34:03.354968 [info ] [MainThread]:   profiles.yml file [[32mOK found and valid[0m]
[0m01:34:03.355971 [info ] [MainThread]:   dbt_project.yml file [[32mOK found and valid[0m]
[0m01:34:03.355971 [info ] [MainThread]: Required dependencies:
[0m01:34:03.357291 [debug] [MainThread]: Executing "git --help"
[0m01:34:03.398542 [debug] [MainThread]: STDOUT: "b"usage: git [-v | --version] [-h | --help] [-C <path>] [-c <name>=<value>]\n           [--exec-path[=<path>]] [--html-path] [--man-path] [--info-path]\n           [-p | --paginate | -P | --no-pager] [--no-replace-objects] [--no-lazy-fetch]\n           [--no-optional-locks] [--no-advice] [--bare] [--git-dir=<path>]\n           [--work-tree=<path>] [--namespace=<name>] [--config-env=<name>=<envvar>]\n           <command> [<args>]\n\nThese are common Git commands used in various situations:\n\nstart a working area (see also: git help tutorial)\n   clone      Clone a repository into a new directory\n   init       Create an empty Git repository or reinitialize an existing one\n\nwork on the current change (see also: git help everyday)\n   add        Add file contents to the index\n   mv         Move or rename a file, a directory, or a symlink\n   restore    Restore working tree files\n   rm         Remove files from the working tree and from the index\n\nexamine the history and state (see also: git help revisions)\n   bisect     Use binary search to find the commit that introduced a bug\n   diff       Show changes between commits, commit and working tree, etc\n   grep       Print lines matching a pattern\n   log        Show commit logs\n   show       Show various types of objects\n   status     Show the working tree status\n\ngrow, mark and tweak your common history\n   backfill   Download missing objects in a partial clone\n   branch     List, create, or delete branches\n   commit     Record changes to the repository\n   history    EXPERIMENTAL: Rewrite history\n   merge      Join two or more development histories together\n   rebase     Reapply commits on top of another base tip\n   reset      Set `HEAD` or the index to a known state\n   switch     Switch branches\n   tag        Create, list, delete or verify tags\n\ncollaborate (see also: git help workflows)\n   fetch      Download objects and refs from another repository\n   pull       Fetch from and integrate with another repository or a local branch\n   push       Update remote refs along with associated objects\n\n'git help -a' and 'git help -g' list available subcommands and some\nconcept guides. See 'git help <command>' or 'git help <concept>'\nto read about a specific subcommand or concept.\nSee 'git help git' for an overview of the system.\n""
[0m01:34:03.399542 [debug] [MainThread]: STDERR: "b''"
[0m01:34:03.400541 [info ] [MainThread]:  - git [[32mOK found[0m]

[0m01:34:03.400541 [info ] [MainThread]: Connection:
[0m01:34:03.401902 [info ] [MainThread]:   method: oauth
[0m01:34:03.401902 [info ] [MainThread]:   database: primer-imapcto-test
[0m01:34:03.402969 [info ] [MainThread]:   execution_project: primer-imapcto-test
[0m01:34:03.403968 [info ] [MainThread]:   schema: primer_analytics
[0m01:34:03.403968 [info ] [MainThread]:   location: EU
[0m01:34:03.405243 [info ] [MainThread]:   priority: None
[0m01:34:03.406254 [info ] [MainThread]:   maximum_bytes_billed: None
[0m01:34:03.406254 [info ] [MainThread]:   impersonate_service_account: None
[0m01:34:03.407255 [info ] [MainThread]:   job_retry_deadline_seconds: None
[0m01:34:03.407255 [info ] [MainThread]:   job_retries: 1
[0m01:34:03.408253 [info ] [MainThread]:   job_creation_timeout_seconds: None
[0m01:34:03.409252 [info ] [MainThread]:   job_execution_timeout_seconds: None
[0m01:34:03.409252 [info ] [MainThread]:   timeout_seconds: None
[0m01:34:03.410251 [info ] [MainThread]:   client_id: None
[0m01:34:03.410251 [info ] [MainThread]:   token_uri: None
[0m01:34:03.411253 [info ] [MainThread]:   compute_region: None
[0m01:34:03.412255 [info ] [MainThread]:   dataproc_cluster_name: None
[0m01:34:03.412255 [info ] [MainThread]:   gcs_bucket: None
[0m01:34:03.413253 [info ] [MainThread]:   dataproc_batch: None
[0m01:34:03.414255 [info ] [MainThread]: Registered adapter: bigquery=1.11.1
[0m01:34:04.174790 [debug] [MainThread]: Acquiring new bigquery connection 'debug'
[0m01:34:04.175789 [debug] [MainThread]: On debug: select 1 as id
[0m01:34:04.175789 [debug] [MainThread]: Opening a new connection, currently in state init
[0m01:34:07.061390 [debug] [MainThread]: BigQuery adapter: https://console.cloud.google.com/bigquery?project=primer-imapcto-test&j=bq:EU:90defa30-e636-41ab-94a8-a602cdf5ce6e&page=queryresults
[0m01:34:07.264891 [debug] [MainThread]: SQL status: OK in 0.202 seconds
[0m01:34:07.588705 [info ] [MainThread]:   Connection test: [[32mOK connection ok[0m]

[0m01:34:07.590705 [info ] [MainThread]: [32mAll checks passed![0m
[0m01:34:07.593706 [debug] [MainThread]: Command `dbt debug` succeeded at 01:34:07.592706 after 5.79 seconds
[0m01:34:07.594713 [debug] [MainThread]: Connection 'debug' was properly closed.
[0m01:34:07.595712 [debug] [MainThread]: Sending event: {'category': 'dbt', 'action': 'invocation', 'label': 'end', 'context': [<snowplow_tracker.self_describing_json.SelfDescribingJson object at 0x0000020D118B9BD0>, <snowplow_tracker.self_describing_json.SelfDescribingJson object at 0x0000020D11559F50>, <snowplow_tracker.self_describing_json.SelfDescribingJson object at 0x0000020D116480D0>]}
[0m01:34:07.596712 [debug] [MainThread]: Flushing usage events
[0m01:34:08.846081 [debug] [MainThread]: An error was encountered while trying to flush usage events
[0m02:12:26.046285 [debug] [MainThread]: Sending event: {'category': 'dbt', 'action': 'invocation', 'label': 'start', 'context': [<snowplow_tracker.self_describing_json.SelfDescribingJson object at 0x00000250B0B5E310>, <snowplow_tracker.self_describing_json.SelfDescribingJson object at 0x00000250B1B93250>, <snowplow_tracker.self_describing_json.SelfDescribingJson object at 0x00000250B1B6C650>]}


============================== 02:12:26.049807 | 936bf6df-2bb4-4ccf-8229-a5bbf25ed8bf ==============================
[0m02:12:26.049807 [info ] [MainThread]: Running with dbt=1.11.8
[0m02:12:26.050808 [debug] [MainThread]: running dbt with arguments {'static_parser': 'True', 'no_print': 'None', 'version_check': 'True', 'warn_error_options': 'WarnErrorOptionsV2(error=[], warn=[], silence=[])', 'target_path': 'None', 'printer_width': '80', 'write_json': 'True', 'introspect': 'True', 'log_cache_events': 'False', 'empty': 'None', 'cache_selected_only': 'False', 'log_format': 'default', 'debug': 'False', 'fail_fast': 'False', 'partial_parse': 'True', 'send_anonymous_usage_stats': 'True', 'quiet': 'False', 'warn_error': 'None', 'profiles_dir': 'C:\\Users\\samir\\.dbt', 'use_colors': 'True', 'indirect_selection': 'eager', 'invocation_command': 'dbt debug', 'use_experimental_parser': 'False', 'log_path': 'C:\\Users\\samir\\Downloads\\data-technical-tests\\data_technical_tests\\dbt\\logs'}
[0m02:12:26.067342 [info ] [MainThread]: dbt version: 1.11.8
[0m02:12:26.068343 [info ] [MainThread]: python version: 3.11.9
[0m02:12:26.068343 [info ] [MainThread]: python path: C:\Users\samir\AppData\Local\Programs\Python\Python311\python.exe
[0m02:12:26.069785 [info ] [MainThread]: os info: Windows-10-10.0.26200-SP0
[0m02:12:27.342738 [info ] [MainThread]: Using profiles dir at C:\Users\samir\.dbt
[0m02:12:27.343740 [info ] [MainThread]: Using profiles.yml file at C:\Users\samir\.dbt\profiles.yml
[0m02:12:27.343740 [info ] [MainThread]: Using dbt_project.yml file at C:\Users\samir\Downloads\data-technical-tests\data_technical_tests\dbt\dbt_project.yml
[0m02:12:27.345073 [info ] [MainThread]: adapter type: bigquery
[0m02:12:27.345073 [info ] [MainThread]: adapter version: 1.11.1
[0m02:12:27.418082 [info ] [MainThread]: Configuration:
[0m02:12:27.418082 [info ] [MainThread]:   profiles.yml file [[32mOK found and valid[0m]
[0m02:12:27.419558 [info ] [MainThread]:   dbt_project.yml file [[32mOK found and valid[0m]
[0m02:12:27.419558 [info ] [MainThread]: Required dependencies:
[0m02:12:27.420777 [debug] [MainThread]: Executing "git --help"
[0m02:12:27.451284 [debug] [MainThread]: STDOUT: "b"usage: git [-v | --version] [-h | --help] [-C <path>] [-c <name>=<value>]\n           [--exec-path[=<path>]] [--html-path] [--man-path] [--info-path]\n           [-p | --paginate | -P | --no-pager] [--no-replace-objects] [--no-lazy-fetch]\n           [--no-optional-locks] [--no-advice] [--bare] [--git-dir=<path>]\n           [--work-tree=<path>] [--namespace=<name>] [--config-env=<name>=<envvar>]\n           <command> [<args>]\n\nThese are common Git commands used in various situations:\n\nstart a working area (see also: git help tutorial)\n   clone      Clone a repository into a new directory\n   init       Create an empty Git repository or reinitialize an existing one\n\nwork on the current change (see also: git help everyday)\n   add        Add file contents to the index\n   mv         Move or rename a file, a directory, or a symlink\n   restore    Restore working tree files\n   rm         Remove files from the working tree and from the index\n\nexamine the history and state (see also: git help revisions)\n   bisect     Use binary search to find the commit that introduced a bug\n   diff       Show changes between commits, commit and working tree, etc\n   grep       Print lines matching a pattern\n   log        Show commit logs\n   show       Show various types of objects\n   status     Show the working tree status\n\ngrow, mark and tweak your common history\n   backfill   Download missing objects in a partial clone\n   branch     List, create, or delete branches\n   commit     Record changes to the repository\n   history    EXPERIMENTAL: Rewrite history\n   merge      Join two or more development histories together\n   rebase     Reapply commits on top of another base tip\n   reset      Set `HEAD` or the index to a known state\n   switch     Switch branches\n   tag        Create, list, delete or verify tags\n\ncollaborate (see also: git help workflows)\n   fetch      Download objects and refs from another repository\n   pull       Fetch from and integrate with another repository or a local branch\n   push       Update remote refs along with associated objects\n\n'git help -a' and 'git help -g' list available subcommands and some\nconcept guides. See 'git help <command>' or 'git help <concept>'\nto read about a specific subcommand or concept.\nSee 'git help git' for an overview of the system.\n""
[0m02:12:27.452284 [debug] [MainThread]: STDERR: "b''"
[0m02:12:27.452284 [info ] [MainThread]:  - git [[32mOK found[0m]

[0m02:12:27.453681 [info ] [MainThread]: Connection:
[0m02:12:27.453681 [info ] [MainThread]:   method: oauth
[0m02:12:27.454863 [info ] [MainThread]:   database: primer-impacto-test
[0m02:12:27.454863 [info ] [MainThread]:   execution_project: primer-impacto-test
[0m02:12:27.454863 [info ] [MainThread]:   schema: primer_analytics
[0m02:12:27.455871 [info ] [MainThread]:   location: EU
[0m02:12:27.456869 [info ] [MainThread]:   priority: None
[0m02:12:27.456869 [info ] [MainThread]:   maximum_bytes_billed: None
[0m02:12:27.458374 [info ] [MainThread]:   impersonate_service_account: None
[0m02:12:27.458374 [info ] [MainThread]:   job_retry_deadline_seconds: None
[0m02:12:27.458374 [info ] [MainThread]:   job_retries: 1
[0m02:12:27.459447 [info ] [MainThread]:   job_creation_timeout_seconds: None
[0m02:12:27.459447 [info ] [MainThread]:   job_execution_timeout_seconds: None
[0m02:12:27.459447 [info ] [MainThread]:   timeout_seconds: None
[0m02:12:27.460872 [info ] [MainThread]:   client_id: None
[0m02:12:27.460872 [info ] [MainThread]:   token_uri: None
[0m02:12:27.462154 [info ] [MainThread]:   compute_region: None
[0m02:12:27.462154 [info ] [MainThread]:   dataproc_cluster_name: None
[0m02:12:27.462154 [info ] [MainThread]:   gcs_bucket: None
[0m02:12:27.463160 [info ] [MainThread]:   dataproc_batch: None
[0m02:12:27.463160 [info ] [MainThread]: Registered adapter: bigquery=1.11.1
[0m02:12:27.862798 [debug] [MainThread]: Acquiring new bigquery connection 'debug'
[0m02:12:27.863797 [debug] [MainThread]: On debug: select 1 as id
[0m02:12:27.863797 [debug] [MainThread]: Opening a new connection, currently in state init
[0m02:12:29.924988 [debug] [MainThread]: BigQuery adapter: https://console.cloud.google.com/bigquery?project=primer-impacto-test&j=bq:EU:fa572baa-0008-4935-9be8-0d5498a9d105&page=queryresults
[0m02:12:30.090412 [debug] [MainThread]: SQL status: OK in 0.165 seconds
[0m02:12:30.334998 [info ] [MainThread]:   Connection test: [[32mOK connection ok[0m]

[0m02:12:30.335989 [info ] [MainThread]: [32mAll checks passed![0m
[0m02:12:30.338224 [debug] [MainThread]: Command `dbt debug` succeeded at 02:12:30.338224 after 4.37 seconds
[0m02:12:30.339250 [debug] [MainThread]: Connection 'debug' was properly closed.
[0m02:12:30.340237 [debug] [MainThread]: Sending event: {'category': 'dbt', 'action': 'invocation', 'label': 'end', 'context': [<snowplow_tracker.self_describing_json.SelfDescribingJson object at 0x00000250B0B59B90>, <snowplow_tracker.self_describing_json.SelfDescribingJson object at 0x00000250B1B93650>, <snowplow_tracker.self_describing_json.SelfDescribingJson object at 0x00000250E1506510>]}
[0m02:12:30.340237 [debug] [MainThread]: Flushing usage events
[0m02:12:31.357157 [debug] [MainThread]: An error was encountered while trying to flush usage events
