[0m01:30:38.541518 [debug] [MainThread]: Sending event: {'category': 'dbt', 'action': 'invocation', 'label': 'start', 'context': [<snowplow_tracker.self_describing_json.SelfDescribingJson object at 0x000001C511F6ED50>, <snowplow_tracker.self_describing_json.SelfDescribingJson object at 0x000001C511F6F810>, <snowplow_tracker.self_describing_json.SelfDescribingJson object at 0x000001C511F6D410>]}


============================== 01:30:38.546534 | a5e5bc32-1378-4c07-a229-c245562a2d85 ==============================
[0m01:30:38.546534 [info ] [MainThread]: Running with dbt=1.11.8
[0m01:30:38.547533 [debug] [MainThread]: running dbt with arguments {'static_parser': 'True', 'no_print': 'None', 'version_check': 'True', 'warn_error_options': 'WarnErrorOptionsV2(error=[], warn=[], silence=[])', 'target_path': 'None', 'printer_width': '80', 'write_json': 'True', 'introspect': 'True', 'log_cache_events': 'False', 'empty': 'None', 'cache_selected_only': 'False', 'log_format': 'default', 'debug': 'False', 'fail_fast': 'False', 'profiles_dir': 'C:\\Users\\samir\\.dbt', 'send_anonymous_usage_stats': 'True', 'quiet': 'False', 'warn_error': 'None', 'partial_parse': 'True', 'indirect_selection': 'eager', 'use_colors': 'True', 'invocation_command': 'dbt debug', 'use_experimental_parser': 'False', 'log_path': 'logs'}
[0m01:30:38.577613 [info ] [MainThread]: dbt version: 1.11.8
[0m01:30:38.578613 [info ] [MainThread]: python version: 3.11.9
[0m01:30:38.578613 [info ] [MainThread]: python path: C:\Users\samir\AppData\Local\Programs\Python\Python311\python.exe
[0m01:30:38.579613 [info ] [MainThread]: os info: Windows-10-10.0.26200-SP0
[0m01:30:43.579155 [info ] [MainThread]: Using profiles dir at C:\Users\samir\.dbt
[0m01:30:43.580153 [info ] [MainThread]: Using profiles.yml file at C:\Users\samir\.dbt\profiles.yml
[0m01:30:43.580153 [info ] [MainThread]: Using dbt_project.yml file at C:\Users\samir\Downloads\data-technical-tests\data_technical_tests\dbt_project.yml
[0m01:30:43.581153 [info ] [MainThread]: adapter type: bigquery
[0m01:30:43.581153 [info ] [MainThread]: adapter version: 1.11.1
[0m01:30:43.582154 [info ] [MainThread]: Configuration:
[0m01:30:43.582154 [info ] [MainThread]:   profiles.yml file [[32mOK found and valid[0m]
[0m01:30:43.583154 [info ] [MainThread]:   dbt_project.yml file [[31mERROR not found[0m]
[0m01:30:43.583154 [info ] [MainThread]: Required dependencies:
[0m01:30:43.584154 [debug] [MainThread]: Executing "git --help"
[0m01:30:43.626198 [debug] [MainThread]: STDOUT: "b"usage: git [-v | --version] [-h | --help] [-C <path>] [-c <name>=<value>]\n           [--exec-path[=<path>]] [--html-path] [--man-path] [--info-path]\n           [-p | --paginate | -P | --no-pager] [--no-replace-objects] [--no-lazy-fetch]\n           [--no-optional-locks] [--no-advice] [--bare] [--git-dir=<path>]\n           [--work-tree=<path>] [--namespace=<name>] [--config-env=<name>=<envvar>]\n           <command> [<args>]\n\nThese are common Git commands used in various situations:\n\nstart a working area (see also: git help tutorial)\n   clone      Clone a repository into a new directory\n   init       Create an empty Git repository or reinitialize an existing one\n\nwork on the current change (see also: git help everyday)\n   add        Add file contents to the index\n   mv         Move or rename a file, a directory, or a symlink\n   restore    Restore working tree files\n   rm         Remove files from the working tree and from the index\n\nexamine the history and state (see also: git help revisions)\n   bisect     Use binary search to find the commit that introduced a bug\n   diff       Show changes between commits, commit and working tree, etc\n   grep       Print lines matching a pattern\n   log        Show commit logs\n   show       Show various types of objects\n   status     Show the working tree status\n\ngrow, mark and tweak your common history\n   backfill   Download missing objects in a partial clone\n   branch     List, create, or delete branches\n   commit     Record changes to the repository\n   history    EXPERIMENTAL: Rewrite history\n   merge      Join two or more development histories together\n   rebase     Reapply commits on top of another base tip\n   reset      Set `HEAD` or the index to a known state\n   switch     Switch branches\n   tag        Create, list, delete or verify tags\n\ncollaborate (see also: git help workflows)\n   fetch      Download objects and refs from another repository\n   pull       Fetch from and integrate with another repository or a local branch\n   push       Update remote refs along with associated objects\n\n'git help -a' and 'git help -g' list available subcommands and some\nconcept guides. See 'git help <command>' or 'git help <concept>'\nto read about a specific subcommand or concept.\nSee 'git help git' for an overview of the system.\n""
[0m01:30:43.627194 [debug] [MainThread]: STDERR: "b''"
[0m01:30:43.627194 [info ] [MainThread]:  - git [[32mOK found[0m]

[0m01:30:43.628196 [info ] [MainThread]: Connection:
[0m01:30:43.628196 [info ] [MainThread]:   method: oauth
[0m01:30:43.629198 [info ] [MainThread]:   database: primer-imapcto-test
[0m01:30:43.629198 [info ] [MainThread]:   execution_project: primer-imapcto-test
[0m01:30:43.630196 [info ] [MainThread]:   schema: primer_analytics
[0m01:30:43.630196 [info ] [MainThread]:   location: EU
[0m01:30:43.631199 [info ] [MainThread]:   priority: None
[0m01:30:43.631199 [info ] [MainThread]:   maximum_bytes_billed: None
[0m01:30:43.632195 [info ] [MainThread]:   impersonate_service_account: None
[0m01:30:43.632195 [info ] [MainThread]:   job_retry_deadline_seconds: None
[0m01:30:43.633196 [info ] [MainThread]:   job_retries: 1
[0m01:30:43.633196 [info ] [MainThread]:   job_creation_timeout_seconds: None
[0m01:30:43.633196 [info ] [MainThread]:   job_execution_timeout_seconds: None
[0m01:30:43.634277 [info ] [MainThread]:   timeout_seconds: None
[0m01:30:43.635284 [info ] [MainThread]:   client_id: None
[0m01:30:43.635284 [info ] [MainThread]:   token_uri: None
[0m01:30:43.636294 [info ] [MainThread]:   compute_region: None
[0m01:30:43.636294 [info ] [MainThread]:   dataproc_cluster_name: None
[0m01:30:43.636294 [info ] [MainThread]:   gcs_bucket: None
[0m01:30:43.637290 [info ] [MainThread]:   dataproc_batch: None
[0m01:30:43.637290 [info ] [MainThread]: Registered adapter: bigquery=1.11.1
[0m01:30:44.234240 [debug] [MainThread]: Acquiring new bigquery connection 'debug'
[0m01:30:44.234240 [debug] [MainThread]: On debug: select 1 as id
[0m01:30:44.235240 [debug] [MainThread]: Opening a new connection, currently in state init
[0m01:30:48.113238 [debug] [MainThread]: BigQuery adapter: https://console.cloud.google.com/bigquery?project=primer-imapcto-test&j=bq:EU:2d4e3c85-6507-4c41-989e-a182a6392895&page=queryresults
[0m01:30:48.317138 [debug] [MainThread]: SQL status: OK in 0.203 seconds
[0m01:30:52.482662 [info ] [MainThread]:   Connection test: [[32mOK connection ok[0m]

[0m01:30:52.483666 [info ] [MainThread]: [31m1 check failed:[0m
[0m01:30:52.484663 [info ] [MainThread]: Project loading failed for the following reason:
 project path <C:\Users\samir\Downloads\data-technical-tests\data_technical_tests\dbt_project.yml> not found

[0m01:30:52.486664 [debug] [MainThread]: Command `dbt debug` failed at 01:30:52.485664 after 14.03 seconds
[0m01:30:52.487170 [debug] [MainThread]: Connection 'debug' was properly closed.
[0m01:30:52.488178 [debug] [MainThread]: Sending event: {'category': 'dbt', 'action': 'invocation', 'label': 'end', 'context': [<snowplow_tracker.self_describing_json.SelfDescribingJson object at 0x000001C541B7AD50>, <snowplow_tracker.self_describing_json.SelfDescribingJson object at 0x000001C510F396D0>, <snowplow_tracker.self_describing_json.SelfDescribingJson object at 0x000001C510F398D0>]}
[0m01:30:52.489177 [debug] [MainThread]: Flushing usage events
[0m01:30:53.947563 [debug] [MainThread]: An error was encountered while trying to flush usage events
